
Showing logs for build [32mcb-kubecd-bdd-gh-1568284986-pr-1[0m stage [32mmeta-pipeline[0m and container [32mstep-credential-initializer-rr9nx[0m
{"level":"warn","ts":1568285354.1364944,"logger":"fallback-logger","caller":"logging/config.go:69","msg":"Fetch GitHub commit ID from kodata failed: \"ref: refs/heads/master\" is not a valid GitHub commit ID"}
{"level":"info","ts":1568285354.1371238,"logger":"fallback-logger","caller":"creds-init/main.go:40","msg":"Credentials initialized."}

Showing logs for build [32mcb-kubecd-bdd-gh-1568284986-pr-1[0m stage [32mmeta-pipeline[0m and container [32mstep-working-dir-initializer-8hmg9[0m
{"level":"warn","ts":1568285354.5650952,"logger":"fallback-logger","caller":"logging/config.go:69","msg":"Fetch GitHub commit ID from kodata failed: open /var/run/ko/HEAD: no such file or directory"}
{"level":"info","ts":1568285354.566814,"logger":"fallback-logger","caller":"bash/main.go:65","msg":"Successfully executed command \"mkdir -p /workspace/source\""}

Showing logs for build [32mcb-kubecd-bdd-gh-1568284986-pr-1[0m stage [32mmeta-pipeline[0m and container [32mstep-place-tools[0m

Showing logs for build [32mcb-kubecd-bdd-gh-1568284986-pr-1[0m stage [32mmeta-pipeline[0m and container [32mstep-git-source-meta-cb-kubecd-bdd-gh-156828498-zvpt6[0m
{"level":"warn","ts":1568285360.6959536,"logger":"fallback-logger","caller":"logging/config.go:69","msg":"Fetch GitHub commit ID from kodata failed: \"ref: refs/heads/master\" is not a valid GitHub commit ID"}
{"level":"info","ts":1568285361.7574646,"logger":"fallback-logger","caller":"git/git.go:102","msg":"Successfully cloned https://github.com/cb-kubecd/bdd-gh-1568284986.git @ b5733166f8c8c32c11b35a8900063443af821994 in path /workspace/source"}

Showing logs for build [32mcb-kubecd-bdd-gh-1568284986-pr-1[0m stage [32mmeta-pipeline[0m and container [32mstep-git-merge[0m
Using SHAs from PULL_REFS=master:b5733166f8c8c32c11b35a8900063443af821994,1:157e1fbd33b14f541080bd73db9129e2a27d2bb9
DEBUG: ran git fetch --unshallow origin 157e1fbd33b14f541080bd73db9129e2a27d2bb9: b5733166f8c8c32c11b35a8900063443af821994: in 
DEBUG: ran git checkout master in 
DEBUG: ran git reset --hard b5733166f8c8c32c11b35a8900063443af821994 in 
DEBUG: ran clean --force -d . in 
DEBUG: ran git merge 157e1fbd33b14f541080bd73db9129e2a27d2bb9 in 
Merged SHA 157e1fbd33b14f541080bd73db9129e2a27d2bb9 with commit message 'My first PR commit' into base branch master

Showing logs for build [32mcb-kubecd-bdd-gh-1568284986-pr-1[0m stage [32mmeta-pipeline[0m and container [32mstep-merge-pull-refs[0m
DEBUG: ran git fetch origin 157e1fbd33b14f541080bd73db9129e2a27d2bb9: b5733166f8c8c32c11b35a8900063443af821994: in 
DEBUG: Unshallowed git repo in 
DEBUG: ran git checkout master in 
DEBUG: ran git reset --hard b5733166f8c8c32c11b35a8900063443af821994 in 
DEBUG: ran clean --force -d . in 
DEBUG: ran git merge 157e1fbd33b14f541080bd73db9129e2a27d2bb9 in 
Merged SHA 157e1fbd33b14f541080bd73db9129e2a27d2bb9 with commit message 'My first PR commit' into base branch master

Showing logs for build [32mcb-kubecd-bdd-gh-1568284986-pr-1[0m stage [32mmeta-pipeline[0m and container [32mstep-create-effective-pipeline[0m
Deleting and cloning the Jenkins X versions repo
Cloning the Jenkins X versions repo https://github.com/jenkins-x/jenkins-x-versions.git with ref refs/heads/master to /builder/home/.**/jenkins-x-versions
Effective pipeline written to jenkins-x-serverless-jenkins-effective.yml

Showing logs for build [32mcb-kubecd-bdd-gh-1568284986-pr-1[0m stage [32mmeta-pipeline[0m and container [32mstep-create-tekton-crds[0m
PipelineActivity for cb-kubecd-bdd-gh-1568284986-PR-1-1
Applying changes 
upserted PipelineResource cb-kubecd-bdd-gh-1568284986-pr for the git repository https://github.com/cb-kubecd/bdd-gh-1568284986.git
upserted Task cb-kubecd-bdd-gh-1568284986-pr-from-build-pack-1
upserted Pipeline cb-kubecd-bdd-gh-1568284986-pr-1
created PipelineRun cb-kubecd-bdd-gh-1568284986-pr-1
created PipelineStructure cb-kubecd-bdd-gh-1568284986-pr-1

Showing logs for build [32mcb-kubecd-bdd-gh-1568284986-pr-1[0m stage [32mfrom-build-pack[0m and container [32mstep-credential-initializer-j8z8f[0m
{"level":"warn","ts":1568285374.0521734,"logger":"fallback-logger","caller":"logging/config.go:69","msg":"Fetch GitHub commit ID from kodata failed: \"ref: refs/heads/master\" is not a valid GitHub commit ID"}
{"level":"info","ts":1568285374.0529146,"logger":"fallback-logger","caller":"creds-init/main.go:40","msg":"Credentials initialized."}

Showing logs for build [32mcb-kubecd-bdd-gh-1568284986-pr-1[0m stage [32mfrom-build-pack[0m and container [32mstep-working-dir-initializer-szltg[0m
{"level":"warn","ts":1568285374.6763625,"logger":"fallback-logger","caller":"logging/config.go:69","msg":"Fetch GitHub commit ID from kodata failed: open /var/run/ko/HEAD: no such file or directory"}
{"level":"info","ts":1568285374.6775637,"logger":"fallback-logger","caller":"bash/main.go:65","msg":"Successfully executed command \"mkdir -p /workspace/source /workspace/source/charts/preview\""}

Showing logs for build [32mcb-kubecd-bdd-gh-1568284986-pr-1[0m stage [32mfrom-build-pack[0m and container [32mstep-place-tools[0m

Showing logs for build [32mcb-kubecd-bdd-gh-1568284986-pr-1[0m stage [32mfrom-build-pack[0m and container [32mstep-git-source-cb-kubecd-bdd-gh-1568284986-pr-jxvhc[0m
{"level":"warn","ts":1568285441.7755494,"logger":"fallback-logger","caller":"logging/config.go:69","msg":"Fetch GitHub commit ID from kodata failed: \"ref: refs/heads/master\" is not a valid GitHub commit ID"}
{"level":"info","ts":1568285442.8881578,"logger":"fallback-logger","caller":"git/git.go:102","msg":"Successfully cloned https://github.com/cb-kubecd/bdd-gh-1568284986.git @ master in path /workspace/source"}

Showing logs for build [32mcb-kubecd-bdd-gh-1568284986-pr-1[0m stage [32mfrom-build-pack[0m and container [32mstep-git-merge[0m
Using SHAs from PULL_REFS=master:b5733166f8c8c32c11b35a8900063443af821994,1:157e1fbd33b14f541080bd73db9129e2a27d2bb9
DEBUG: ran git fetch --unshallow origin 157e1fbd33b14f541080bd73db9129e2a27d2bb9: b5733166f8c8c32c11b35a8900063443af821994: in 
DEBUG: ran git checkout master in 
DEBUG: ran git reset --hard b5733166f8c8c32c11b35a8900063443af821994 in 
DEBUG: ran clean --force -d . in 
DEBUG: ran git merge 157e1fbd33b14f541080bd73db9129e2a27d2bb9 in 
Merged SHA 157e1fbd33b14f541080bd73db9129e2a27d2bb9 with commit message 'My first PR commit' into base branch master

Showing logs for build [32mcb-kubecd-bdd-gh-1568284986-pr-1[0m stage [32mfrom-build-pack[0m and container [32mstep-build-make-linux[0m
CGO_ENABLED=0 GOOS=linux GOARCH=amd64 GO15VENDOREXPERIMENT=1 go build -ldflags '' -o bin/bdd-gh-1568284986 main.go

Showing logs for build [32mcb-kubecd-bdd-gh-1568284986-pr-1[0m stage [32mfrom-build-pack[0m and container [32mstep-build-container-build[0m
[36mINFO[0m[0000] No base image, nothing to extract            
[36mINFO[0m[0000] cmd: EXPOSE                                  
[36mINFO[0m[0000] Adding exposed port: 8080/tcp                
[36mINFO[0m[0000] Using files from context: [/workspace/source/bin] 
[36mINFO[0m[0000] Skipping unpacking as no commands require it. 
[36mINFO[0m[0000] Taking snapshot of full filesystem...        
[36mINFO[0m[0000] EXPOSE 8080                                  
[36mINFO[0m[0000] cmd: EXPOSE                                  
[36mINFO[0m[0000] Adding exposed port: 8080/tcp                
[36mINFO[0m[0000] No files changed in this command, skipping snapshotting. 
[36mINFO[0m[0000] ENTRYPOINT ["/bdd-gh-1568284986"]            
[36mINFO[0m[0000] No files changed in this command, skipping snapshotting. 
[36mINFO[0m[0000] Using files from context: [/workspace/source/bin] 
[36mINFO[0m[0000] COPY ./bin/ /                                
[36mINFO[0m[0000] Taking snapshot of files...                  
2019/09/12 10:50:57 pushed blob: sha256:a0ba1f2c6a207b56bb8916b17939e4361b10446e6b88324bff948658218f0ab7
2019/09/12 10:50:58 pushed blob: sha256:284c65c92c683fb354bda377e13f07ae7c88f4c0194b2c8be9bf921551ecdf38
2019/09/12 10:51:00 gcr.io/jenkins-x-bdd3/bdd-gh-1568284986:0.0.0-SNAPSHOT-PR-1-1: digest: sha256:48ba0651b5abe4d77193ef8e1b03007496a4ded3a77fe293b51cec4410a5a201 size: 428

Showing logs for build [32mcb-kubecd-bdd-gh-1568284986-pr-1[0m stage [32mfrom-build-pack[0m and container [32mstep-postbuild-post-build[0m
no CVE provider running in the current ** namespace so skip adding image to be analysed

Showing logs for build [32mcb-kubecd-bdd-gh-1568284986-pr-1[0m stage [32mfrom-build-pack[0m and container [32mstep-promote-make-preview[0m
sed -i -e "s/version:.*/version: 0.0.0-SNAPSHOT-PR-1-1/" Chart.yaml
sed -i -e "s/version:.*/version: 0.0.0-SNAPSHOT-PR-1-1/" ../*/Chart.yaml
sed -i -e "s|repository:.*|repository: gcr.io\/jenkins-x-bdd3\/bdd-gh-1568284986|" values.yaml
sed -i -e "s/tag:.*/tag: 0.0.0-SNAPSHOT-PR-1-1/" values.yaml
echo "  version: 0.0.0-SNAPSHOT-PR-1-1" >> requirements.yaml
** step helm build
WARNING: No $CHART_REPOSITORY defined so using the default value of: http://jenkins-x-chartmuseum:8080
Adding missing Helm repo: storage.googleapis.com https://storage.googleapis.com/chartmuseum.jenkins-x.io
Successfully added Helm repository storage.googleapis.com.
Adding missing Helm repo: jenkins-x-chartmuseum http://jenkins-x-chartmuseum:8080
Successfully added Helm repository jenkins-x-chartmuseum.
WARNING: No $CHART_REPOSITORY defined so using the default value of: http://jenkins-x-chartmuseum:8080
Adding missing Helm repo: chartmuseum.jenkins-x.io http://chartmuseum.jenkins-x.io
Successfully added Helm repository chartmuseum.jenkins-x.io.

Showing logs for build [32mcb-kubecd-bdd-gh-1568284986-pr-1[0m stage [32mfrom-build-pack[0m and container [32mstep-promote-jx-preview[0m
Creating a preview
WARNING: No author for commit: 157e1fbd33b14f541080bd73db9129e2a27d2bb9
Created environment cb-kubecd-bdd-gh-1568284986-pr-1
Namespace **-cb-kubecd-bdd-gh-1568284986-pr-1 created 
expose:
  Annotations:
    helm.sh/hook: post-install,post-upgrade
    helm.sh/hook-delete-policy: hook-succeeded
  config:
    domain: 35.241.166.16.nip.io
    exposer: Ingress
    http: "true"
preview:
  image:
    repository: gcr.io/jenkins-x-bdd3/bdd-gh-1568284986
    tag: 0.0.0-SNAPSHOT-PR-1-1
Deleting and cloning the Jenkins X versions repo
Cloning the Jenkins X versions repo https://github.com/jenkins-x/jenkins-x-versions.git with ref refs/heads/master to /builder/home/.**/jenkins-x-versions


Updating PipelineActivities cb-kubecd-bdd-gh-1568284986-pr-1-1 which has status Running
Preview application is now available at: http://bdd-gh-1568284986.**-cb-kubecd-bdd-gh-1568284986-pr-1.35.241.166.16.nip.io
